<?xml version="1.0" encoding="UTF-8"?>
<!-- Generated by org.testng.reporters.JUnitXMLReporter -->
<testsuite ignored="0" hostname="DESKTOP-QM8BET5" failures="1" tests="2" name="Default test" time="0.021" errors="0" timestamp="16 May 2023 13:03:49 GMT">
  <testcase classname="Hapana.Tests.SubmitOrderTest" name="SubmitOrder" time="0.0">
    <failure type="org.testng.TestNGException" message="
Method public void Hapana.Tests.SubmitOrderTest.SubmitOrder(java.util.HashMap) throws java.io.IOException,java.lang.InterruptedException requires a @DataProvider named : getdata">
      <![CDATA[org.testng.TestNGException: 
Method public void Hapana.Tests.SubmitOrderTest.SubmitOrder(java.util.HashMap) throws java.io.IOException,java.lang.InterruptedException requires a @DataProvider named : getdata
at org.testng.internal.Parameters.findDataProvider(Parameters.java:513)
at org.testng.internal.Parameters.handleParameters(Parameters.java:691)
at org.testng.internal.ParameterHandler.handleParameters(ParameterHandler.java:49)
at org.testng.internal.ParameterHandler.createParameters(ParameterHandler.java:37)
at org.testng.internal.Invoker.invokeTestMethods(Invoker.java:924)
at org.testng.internal.TestMethodWorker.invokeTestMethods(TestMethodWorker.java:125)
at org.testng.internal.TestMethodWorker.run(TestMethodWorker.java:109)
at org.testng.TestRunner.privateRun(TestRunner.java:648)
at org.testng.TestRunner.run(TestRunner.java:505)
at org.testng.SuiteRunner.runTest(SuiteRunner.java:455)
at org.testng.SuiteRunner.runSequentially(SuiteRunner.java:450)
at org.testng.SuiteRunner.privateRun(SuiteRunner.java:415)
at org.testng.SuiteRunner.run(SuiteRunner.java:364)
at org.testng.SuiteRunnerWorker.runSuite(SuiteRunnerWorker.java:52)
at org.testng.SuiteRunnerWorker.run(SuiteRunnerWorker.java:84)
at org.testng.TestNG.runSuitesSequentially(TestNG.java:1208)
at org.testng.TestNG.runSuitesLocally(TestNG.java:1137)
at org.testng.TestNG.runSuites(TestNG.java:1049)
at org.testng.TestNG.run(TestNG.java:1017)
at org.testng.remote.AbstractRemoteTestNG.run(AbstractRemoteTestNG.java:115)
at org.testng.remote.RemoteTestNG.initAndRun(RemoteTestNG.java:251)
at org.testng.remote.RemoteTestNG.main(RemoteTestNG.java:77)
]]>
    </failure>
  </testcase> <!-- SubmitOrder -->
  <testcase classname="Hapana.Tests.SubmitOrderTest" name="OrdersHistory" time="0.0">
    <skipped/>
  </testcase> <!-- OrdersHistory -->
</testsuite> <!-- Default test -->
