<?xml version="1.0" encoding="UTF-8"?>
<!-- Generated by org.testng.reporters.JUnitXMLReporter -->
<testsuite ignored="0" hostname="DESKTOP-QM8BET5" failures="1" tests="3" name="Error Validation Test" time="36.839" errors="0" timestamp="19 Jul 2023 11:06:34 GMT">
  <testcase classname="Hapana.Tests.ErrorValidations" name="ProductErrorValidation" time="10.023">
    <skipped/>
  </testcase> <!-- ProductErrorValidation -->
  <testcase classname="Hapana.Tests.ErrorValidations" name="ProductErrorValidation" time="10.022">
    <failure type="java.lang.NullPointerException">
      <![CDATA[java.lang.NullPointerException
at Hapana.PageObjects.productcatalauge.addproductToCart(productcatalauge.java:55)
at Hapana.Tests.ErrorValidations.ProductErrorValidation(ErrorValidations.java:30)
at java.base/java.util.concurrent.FutureTask.run(FutureTask.java:264)
at java.base/java.util.concurrent.ThreadPoolExecutor.runWorker(ThreadPoolExecutor.java:1128)
at java.base/java.util.concurrent.ThreadPoolExecutor$Worker.run(ThreadPoolExecutor.java:628)
at java.base/java.lang.Thread.run(Thread.java:834)
... Removed 16 stack frames]]>
    </failure>
  </testcase> <!-- ProductErrorValidation -->
  <testcase classname="Hapana.Tests.ErrorValidations" name="loginErrorValidation" time="1.208"/>
</testsuite> <!-- Error Validation Test -->
