<?xml version="1.0" encoding="UTF-8"?>
<testng-results ignored="0" total="5" passed="3" failed="1" skipped="1">
  <reporter-output>
  </reporter-output>
  <suite started-at="2023-07-19T11:05:57Z" name="Suite" finished-at="2023-07-19T11:06:34Z" duration-ms="36839">
    <groups>
      <group name="Purchase">
        <method signature="SubmitOrderTest.SubmitOrder(java.util.HashMap)[pri:0, instance:Hapana.Tests.SubmitOrderTest@505a9d7c]" name="SubmitOrder" class="Hapana.Tests.SubmitOrderTest"/>
      </group> <!-- Purchase -->
      <group name="ErrorHandling">
        <method signature="ErrorValidations.loginErrorValidation()[pri:0, instance:Hapana.Tests.ErrorValidations@37b70343]" name="loginErrorValidation" class="Hapana.Tests.ErrorValidations"/>
      </group> <!-- ErrorHandling -->
    </groups>
    <test started-at="2023-07-19T11:05:57Z" name="SubMitOrderTest" finished-at="2023-07-19T11:06:27Z" duration-ms="30018">
      <class name="Hapana.Tests.SubmitOrderTest">
        <test-method is-config="true" signature="launchApplication()[pri:0, instance:Hapana.Tests.SubmitOrderTest@505a9d7c]" started-at="2023-07-19T11:05:58Z" name="launchApplication" finished-at="2023-07-19T11:06:04Z" duration-ms="6435" status="PASS">
          <reporter-output>
          </reporter-output>
        </test-method> <!-- launchApplication -->
        <test-method signature="SubmitOrder(java.util.HashMap)[pri:0, instance:Hapana.Tests.SubmitOrderTest@505a9d7c]" started-at="2023-07-19T11:06:04Z" name="SubmitOrder" data-provider="getdata" finished-at="2023-07-19T11:06:19Z" duration-ms="14908" status="PASS">
          <params>
            <param index="0">
              <value>
                <![CDATA[{password=Admin@123, email=laxmiauto@test.com, productName=ADIDAS ORIGINAL}]]>
              </value>
            </param>
          </params>
          <reporter-output>
          </reporter-output>
        </test-method> <!-- SubmitOrder -->
        <test-method is-config="true" signature="tearDown()[pri:0, instance:Hapana.Tests.SubmitOrderTest@505a9d7c]" started-at="2023-07-19T11:06:19Z" name="tearDown" finished-at="2023-07-19T11:06:19Z" duration-ms="114" status="PASS">
          <reporter-output>
          </reporter-output>
        </test-method> <!-- tearDown -->
        <test-method is-config="true" signature="launchApplication()[pri:0, instance:Hapana.Tests.SubmitOrderTest@505a9d7c]" started-at="2023-07-19T11:06:19Z" name="launchApplication" finished-at="2023-07-19T11:06:26Z" duration-ms="6979" status="PASS">
          <reporter-output>
          </reporter-output>
        </test-method> <!-- launchApplication -->
        <test-method signature="OrdersHistory()[pri:0, instance:Hapana.Tests.SubmitOrderTest@505a9d7c]" started-at="2023-07-19T11:06:26Z" name="OrdersHistory" finished-at="2023-07-19T11:06:27Z" depends-on-methods="Hapana.Tests.SubmitOrderTest.SubmitOrder" duration-ms="1019" status="PASS">
          <reporter-output>
          </reporter-output>
        </test-method> <!-- OrdersHistory -->
        <test-method is-config="true" signature="tearDown()[pri:0, instance:Hapana.Tests.SubmitOrderTest@505a9d7c]" started-at="2023-07-19T11:06:27Z" name="tearDown" finished-at="2023-07-19T11:06:27Z" duration-ms="152" status="PASS">
          <reporter-output>
          </reporter-output>
        </test-method> <!-- tearDown -->
      </class> <!-- Hapana.Tests.SubmitOrderTest -->
    </test> <!-- SubMitOrderTest -->
    <test started-at="2023-07-19T11:05:57Z" name="Error Validation Test" finished-at="2023-07-19T11:06:34Z" duration-ms="36839">
      <class name="Hapana.Tests.ErrorValidations">
        <test-method is-config="true" signature="launchApplication()[pri:0, instance:Hapana.Tests.ErrorValidations@37b70343]" started-at="2023-07-19T11:05:57Z" name="launchApplication" finished-at="2023-07-19T11:06:04Z" duration-ms="6817" status="PASS">
          <reporter-output>
          </reporter-output>
        </test-method> <!-- launchApplication -->
        <test-method signature="ProductErrorValidation()[pri:0, instance:Hapana.Tests.ErrorValidations@37b70343]" started-at="2023-07-19T11:06:04Z" name="ProductErrorValidation" finished-at="2023-07-19T11:06:14Z" duration-ms="10023" status="SKIP">
          <exception class="java.lang.NullPointerException">
            <full-stacktrace>
              <![CDATA[java.lang.NullPointerException
at Hapana.PageObjects.productcatalauge.addproductToCart(productcatalauge.java:55)
at Hapana.Tests.ErrorValidations.ProductErrorValidation(ErrorValidations.java:30)
at java.base/jdk.internal.reflect.NativeMethodAccessorImpl.invoke0(Native Method)
at java.base/jdk.internal.reflect.NativeMethodAccessorImpl.invoke(NativeMethodAccessorImpl.java:62)
at java.base/jdk.internal.reflect.DelegatingMethodAccessorImpl.invoke(DelegatingMethodAccessorImpl.java:43)
at java.base/java.lang.reflect.Method.invoke(Method.java:566)
at org.testng.internal.MethodInvocationHelper.invokeMethod(MethodInvocationHelper.java:124)
at org.testng.internal.Invoker.invokeMethod(Invoker.java:583)
at org.testng.internal.Invoker.invokeTestMethod(Invoker.java:719)
at org.testng.internal.Invoker.invokeTestMethods(Invoker.java:989)
at org.testng.internal.TestMethodWorker.invokeTestMethods(TestMethodWorker.java:125)
at org.testng.internal.TestMethodWorker.run(TestMethodWorker.java:109)
at org.testng.TestRunner.privateRun(TestRunner.java:648)
at org.testng.TestRunner.run(TestRunner.java:505)
at org.testng.SuiteRunner.runTest(SuiteRunner.java:455)
at org.testng.SuiteRunner.access$000(SuiteRunner.java:40)
at org.testng.SuiteRunner$SuiteWorker.run(SuiteRunner.java:489)
at org.testng.internal.thread.ThreadUtil$1.call(ThreadUtil.java:52)
at java.base/java.util.concurrent.FutureTask.run(FutureTask.java:264)
at java.base/java.util.concurrent.ThreadPoolExecutor.runWorker(ThreadPoolExecutor.java:1128)
at java.base/java.util.concurrent.ThreadPoolExecutor$Worker.run(ThreadPoolExecutor.java:628)
at java.base/java.lang.Thread.run(Thread.java:834)
]]>
            </full-stacktrace>
          </exception> <!-- java.lang.NullPointerException -->
          <reporter-output>
          </reporter-output>
        </test-method> <!-- ProductErrorValidation -->
        <test-method is-config="true" signature="tearDown()[pri:0, instance:Hapana.Tests.ErrorValidations@37b70343]" started-at="2023-07-19T11:06:14Z" name="tearDown" finished-at="2023-07-19T11:06:14Z" duration-ms="112" status="PASS">
          <reporter-output>
          </reporter-output>
        </test-method> <!-- tearDown -->
        <test-method is-config="true" signature="launchApplication()[pri:0, instance:Hapana.Tests.ErrorValidations@37b70343]" started-at="2023-07-19T11:06:14Z" name="launchApplication" finished-at="2023-07-19T11:06:19Z" duration-ms="4313" status="PASS">
          <reporter-output>
          </reporter-output>
        </test-method> <!-- launchApplication -->
        <test-method signature="ProductErrorValidation()[pri:0, instance:Hapana.Tests.ErrorValidations@37b70343]" started-at="2023-07-19T11:06:19Z" name="ProductErrorValidation" finished-at="2023-07-19T11:06:29Z" duration-ms="10022" status="FAIL">
          <exception class="java.lang.NullPointerException">
            <full-stacktrace>
              <![CDATA[java.lang.NullPointerException
at Hapana.PageObjects.productcatalauge.addproductToCart(productcatalauge.java:55)
at Hapana.Tests.ErrorValidations.ProductErrorValidation(ErrorValidations.java:30)
at java.base/jdk.internal.reflect.NativeMethodAccessorImpl.invoke0(Native Method)
at java.base/jdk.internal.reflect.NativeMethodAccessorImpl.invoke(NativeMethodAccessorImpl.java:62)
at java.base/jdk.internal.reflect.DelegatingMethodAccessorImpl.invoke(DelegatingMethodAccessorImpl.java:43)
at java.base/java.lang.reflect.Method.invoke(Method.java:566)
at org.testng.internal.MethodInvocationHelper.invokeMethod(MethodInvocationHelper.java:124)
at org.testng.internal.Invoker.invokeMethod(Invoker.java:583)
at org.testng.internal.Invoker.retryFailed(Invoker.java:839)
at org.testng.internal.Invoker.invokeTestMethods(Invoker.java:1010)
at org.testng.internal.TestMethodWorker.invokeTestMethods(TestMethodWorker.java:125)
at org.testng.internal.TestMethodWorker.run(TestMethodWorker.java:109)
at org.testng.TestRunner.privateRun(TestRunner.java:648)
at org.testng.TestRunner.run(TestRunner.java:505)
at org.testng.SuiteRunner.runTest(SuiteRunner.java:455)
at org.testng.SuiteRunner.access$000(SuiteRunner.java:40)
at org.testng.SuiteRunner$SuiteWorker.run(SuiteRunner.java:489)
at org.testng.internal.thread.ThreadUtil$1.call(ThreadUtil.java:52)
at java.base/java.util.concurrent.FutureTask.run(FutureTask.java:264)
at java.base/java.util.concurrent.ThreadPoolExecutor.runWorker(ThreadPoolExecutor.java:1128)
at java.base/java.util.concurrent.ThreadPoolExecutor$Worker.run(ThreadPoolExecutor.java:628)
at java.base/java.lang.Thread.run(Thread.java:834)
]]>
            </full-stacktrace>
          </exception> <!-- java.lang.NullPointerException -->
          <reporter-output>
          </reporter-output>
        </test-method> <!-- ProductErrorValidation -->
        <test-method is-config="true" signature="tearDown()[pri:0, instance:Hapana.Tests.ErrorValidations@37b70343]" started-at="2023-07-19T11:06:29Z" name="tearDown" finished-at="2023-07-19T11:06:30Z" duration-ms="193" status="PASS">
          <reporter-output>
          </reporter-output>
        </test-method> <!-- tearDown -->
        <test-method is-config="true" signature="launchApplication()[pri:0, instance:Hapana.Tests.ErrorValidations@37b70343]" started-at="2023-07-19T11:06:30Z" name="launchApplication" finished-at="2023-07-19T11:06:33Z" duration-ms="3316" status="PASS">
          <reporter-output>
          </reporter-output>
        </test-method> <!-- launchApplication -->
        <test-method signature="loginErrorValidation()[pri:0, instance:Hapana.Tests.ErrorValidations@37b70343]" started-at="2023-07-19T11:06:33Z" name="loginErrorValidation" finished-at="2023-07-19T11:06:34Z" duration-ms="1208" status="PASS">
          <reporter-output>
          </reporter-output>
        </test-method> <!-- loginErrorValidation -->
        <test-method is-config="true" signature="tearDown()[pri:0, instance:Hapana.Tests.ErrorValidations@37b70343]" started-at="2023-07-19T11:06:34Z" name="tearDown" finished-at="2023-07-19T11:06:34Z" duration-ms="127" status="PASS">
          <reporter-output>
          </reporter-output>
        </test-method> <!-- tearDown -->
      </class> <!-- Hapana.Tests.ErrorValidations -->
    </test> <!-- Error Validation Test -->
  </suite> <!-- Suite -->
</testng-results>
